#
# There is insufficient memory for the Java Runtime Environment to continue.
# Native memory allocation (mmap) failed to map 46661632 bytes for committing reserved memory.
# Possible reasons:
#   The system is out of physical RAM or swap space
#   In 32 bit mode, the process size limit was hit
# Possible solutions:
#   Reduce memory load on the system
#   Increase physical memory or swap space
#   Check if swap backing store is full
#   Use 64 bit Java on a 64 bit OS
#   Decrease Java heap size (-Xmx/-Xms)
#   Decrease number of Java threads
#   Decrease Java thread stack sizes (-Xss)
#   Set larger code cache with -XX:ReservedCodeCacheSize=
# This output file may be truncated or incomplete.
#
#  Out of Memory Error (os_linux.cpp:2640), pid=15326, tid=0x00007f4d98a34700
#
# JRE version: Java(TM) SE Runtime Environment (8.0_181-b13) (build 1.8.0_181-b13)
# Java VM: Java HotSpot(TM) 64-Bit Server VM (25.181-b13 mixed mode linux-amd64 compressed oops)
# Failed to write core dump. Core dumps have been disabled. To enable core dumping, try "ulimit -c unlimited" before starting Java again
#

---------------  T H R E A D  ---------------

Current thread (0x00007f4dac144000):  VMThread [stack: 0x00007f4d98935000,0x00007f4d98a35000] [id=15336]

Stack: [0x00007f4d98935000,0x00007f4d98a35000],  sp=0x00007f4d98a33220,  free space=1016k
Native frames: (J=compiled Java code, j=interpreted, Vv=VM code, C=native code)
V  [libjvm.so+0xad21aa]  VMError::report_and_die()+0x2ba
V  [libjvm.so+0x5022db]  report_vm_out_of_memory(char const*, int, unsigned long, VMErrorType, char const*)+0x8b
V  [libjvm.so+0x92fe33]  os::Linux::commit_memory_impl(char*, unsigned long, bool)+0x123
V  [libjvm.so+0x930059]  os::pd_commit_memory(char*, unsigned long, unsigned long, bool)+0x29
V  [libjvm.so+0x9272ba]  os::commit_memory(char*, unsigned long, unsigned long, bool)+0x2a
V  [libjvm.so+0x99d2e3]  PSVirtualSpace::expand_by(unsigned long)+0x53
V  [libjvm.so+0x98dba0]  PSOldGen::expand(unsigned long)+0x170
V  [libjvm.so+0x98ddab]  PSOldGen::resize(unsigned long)+0x1cb
V  [libjvm.so+0x995ab1]  PSParallelCompact::invoke_no_policy(bool)+0x991
V  [libjvm.so+0x995da3]  PSParallelCompact::invoke(bool)+0x63
V  [libjvm.so+0x488e34]  CollectedHeap::collect_as_vm_thread(GCCause::Cause)+0x114
V  [libjvm.so+0xad3631]  VM_CollectForMetadataAllocation::doit()+0x161
V  [libjvm.so+0xadb745]  VM_Operation::evaluate()+0x55
V  [libjvm.so+0xad9b0a]  VMThread::evaluate_operation(VM_Operation*)+0xba
V  [libjvm.so+0xad9e8e]  VMThread::loop()+0x1ce
V  [libjvm.so+0xada300]  VMThread::run()+0x70
V  [libjvm.so+0x930198]  java_start(Thread*)+0x108

VM_Operation (0x00007f4db221e800): CollectForMetadataAllocation, mode: safepoint, requested by thread 0x00007f4dac00e800


---------------  P R O C E S S  ---------------

Java Threads: ( => current thread )
  0x00007f4daf9c4800 JavaThread "process reaper" daemon [_thread_blocked, id=15355, stack(0x00007f4d54184000,0x00007f4d541bd000)]
  0x00007f4daf9c3800 JavaThread "process reaper" daemon [_thread_blocked, id=15353, stack(0x00007f4d541bd000,0x00007f4d541f6000)]
  0x00007f4dae4b1000 JavaThread "Log4j2-TF-1-AsyncLogger[AsyncContext@65d6b83b]-1" daemon [_thread_blocked, id=15349, stack(0x00007f4d8400b000,0x00007f4d8410c000)]
  0x00007f4dac1a4000 JavaThread "Service Thread" daemon [_thread_blocked, id=15347, stack(0x00007f4d84dfe000,0x00007f4d84eff000)]
  0x00007f4dac199000 JavaThread "C1 CompilerThread2" daemon [_thread_blocked, id=15346, stack(0x00007f4d84f00000,0x00007f4d85000000)]
  0x00007f4dac197000 JavaThread "C2 CompilerThread1" daemon [_thread_blocked, id=15345, stack(0x00007f4d9802a000,0x00007f4d9812a000)]
  0x00007f4dac194000 JavaThread "C2 CompilerThread0" daemon [_thread_blocked, id=15344, stack(0x00007f4d9812b000,0x00007f4d9822b000)]
  0x00007f4dac192000 JavaThread "JDWP Event Helper Thread" daemon [_thread_blocked, id=15343, stack(0x00007f4d9822b000,0x00007f4d9832c000)]
  0x00007f4dac18e000 JavaThread "JDWP Transport Listener: dt_socket" daemon [_thread_in_native, id=15342, stack(0x00007f4d9832c000,0x00007f4d9842d000)]
  0x00007f4dac182000 JavaThread "Signal Dispatcher" daemon [_thread_blocked, id=15339, stack(0x00007f4d98631000,0x00007f4d98732000)]
  0x00007f4dac150000 JavaThread "Finalizer" daemon [_thread_blocked, id=15338, stack(0x00007f4d98732000,0x00007f4d98833000)]
  0x00007f4dac14d800 JavaThread "Reference Handler" daemon [_thread_blocked, id=15337, stack(0x00007f4d98833000,0x00007f4d98934000)]
  0x00007f4dac00e800 JavaThread "main" [_thread_blocked, id=15331, stack(0x00007f4db2123000,0x00007f4db2223000)]

Other Threads:
=>0x00007f4dac144000 VMThread [stack: 0x00007f4d98935000,0x00007f4d98a35000] [id=15336]
  0x00007f4dac1a9000 WatcherThread [stack: 0x00007f4d84cfe000,0x00007f4d84dfe000] [id=15348]

VM state:at safepoint (normal execution)

VM Mutex/Monitor currently owned by a thread:  ([mutex/lock_event])
[0x00007f4dac00a830] ExpandHeap_lock - owner thread: 0x00007f4dac144000
[0x00007f4dac00aeb0] Threads_lock - owner thread: 0x00007f4dac144000
[0x00007f4dac00b3b0] Heap_lock - owner thread: 0x00007f4dac00e800

Heap:
 PSYoungGen      total 93184K, used 0K [0x00000000e0000000, 0x00000000e7600000, 0x0000000100000000)
  eden space 80384K, 0% used [0x00000000e0000000,0x00000000e0000000,0x00000000e4e80000)
  from space 12800K, 0% used [0x00000000e5d80000,0x00000000e5d80000,0x00000000e6a00000)
  to   space 15360K, 0% used [0x00000000e4e80000,0x00000000e4e80000,0x00000000e5d80000)
 ParOldGen       total 67072K, used 37167K [0x00000000a0000000, 0x00000000a4180000, 0x00000000e0000000)
  object space 67072K, 55% used [0x00000000a0000000,0x00000000a244bcf0,0x00000000a4180000)
 Metaspace       used 54045K, capacity 59096K, committed 59160K, reserved 1101824K
  class space    used 7486K, capacity 7773K, committed 7808K, reserved 1048576K

Card table byte_map: [0x00007f4d9ac98000,0x00007f4d9af99000] byte_map_base: 0x00007f4d9a798000

Marking Bits: (ParMarkBitMap*) 0x00007f4db15be0a0
 Begin Bits: [0x00007f4d85000000, 0x00007f4d86800000)
 End Bits:   [0x00007f4d86800000, 0x00007f4d88000000)

Polling page: 0x00007f4db223b000

CodeCache: size=245760Kb used=11707Kb max_used=12320Kb free=234052Kb
 bounds [0x00007f4d9b359000, 0x00007f4d9bf89000, 0x00007f4daa359000]
 total_blobs=4143 nmethods=3618 adapters=444
 compilation: enabled

Compilation events (10 events):
Event: 21.611 Thread 0x00007f4dac199000 3911       3       java.util.ArrayList$SubList$1::next (79 bytes)
Event: 21.611 Thread 0x00007f4dac199000 nmethod 3911 0x00007f4d9b80cdd0 code [0x00007f4d9b80cfa0, 0x00007f4d9b80d548]
Event: 21.611 Thread 0x00007f4dac199000 3912       3       java.util.ArrayList$SubList$1::checkForComodification (26 bytes)
Event: 21.611 Thread 0x00007f4dac199000 nmethod 3912 0x00007f4d9b8371d0 code [0x00007f4d9b837360, 0x00007f4d9b8375c8]
Event: 21.615 Thread 0x00007f4dac199000 3913       1       sbt.internal.util.Init$DefaultSetting$::sbt$internal$util$Init$DefaultSetting$$$outer (5 bytes)
Event: 21.615 Thread 0x00007f4dac199000 nmethod 3913 0x00007f4d9b629f10 code [0x00007f4d9b62a060, 0x00007f4d9b62a170]
Event: 21.615 Thread 0x00007f4dac199000 3914       1       sbt.Def$::sbt$internal$util$Init$$nextID (5 bytes)
Event: 21.615 Thread 0x00007f4dac199000 nmethod 3914 0x00007f4d9b5a9690 code [0x00007f4d9b5a97e0, 0x00007f4d9b5a98f0]
Event: 21.624 Thread 0x00007f4dac199000 3915       3       sbt.TaskKey$::apply (14 bytes)
Event: 21.624 Thread 0x00007f4dac199000 nmethod 3915 0x00007f4d9b6b7dd0 code [0x00007f4d9b6b7f60, 0x00007f4d9b6b8388]

GC Heap History (10 events):
Event: 9.266 GC heap after
Heap after GC invocations=8 (full 1):
 PSYoungGen      total 46080K, used 6062K [0x00000000e0000000, 0x00000000e4c00000, 0x0000000100000000)
  eden space 38912K, 0% used [0x00000000e0000000,0x00000000e0000000,0x00000000e2600000)
  from space 7168K, 84% used [0x00000000e2600000,0x00000000e2beb800,0x00000000e2d00000)
  to   space 7168K, 0% used [0x00000000e4500000,0x00000000e4500000,0x00000000e4c00000)
 ParOldGen       total 42496K, used 8441K [0x00000000a0000000, 0x00000000a2980000, 0x00000000e0000000)
  object space 42496K, 19% used [0x00000000a0000000,0x00000000a083e788,0x00000000a2980000)
 Metaspace       used 33750K, capacity 35372K, committed 35496K, reserved 1079296K
  class space    used 4831K, capacity 5041K, committed 5120K, reserved 1048576K
}
Event: 9.266 GC heap before
{Heap before GC invocations=9 (full 2):
 PSYoungGen      total 46080K, used 6062K [0x00000000e0000000, 0x00000000e4c00000, 0x0000000100000000)
  eden space 38912K, 0% used [0x00000000e0000000,0x00000000e0000000,0x00000000e2600000)
  from space 7168K, 84% used [0x00000000e2600000,0x00000000e2beb800,0x00000000e2d00000)
  to   space 7168K, 0% used [0x00000000e4500000,0x00000000e4500000,0x00000000e4c00000)
 ParOldGen       total 42496K, used 8441K [0x00000000a0000000, 0x00000000a2980000, 0x00000000e0000000)
  object space 42496K, 19% used [0x00000000a0000000,0x00000000a083e788,0x00000000a2980000)
 Metaspace       used 33750K, capacity 35372K, committed 35496K, reserved 1079296K
  class space    used 4831K, capacity 5041K, committed 5120K, reserved 1048576K
Event: 9.371 GC heap after
Heap after GC invocations=9 (full 2):
 PSYoungGen      total 46080K, used 0K [0x00000000e0000000, 0x00000000e4c00000, 0x0000000100000000)
  eden space 38912K, 0% used [0x00000000e0000000,0x00000000e0000000,0x00000000e2600000)
  from space 7168K, 0% used [0x00000000e2600000,0x00000000e2600000,0x00000000e2d00000)
  to   space 7168K, 0% used [0x00000000e4500000,0x00000000e4500000,0x00000000e4c00000)
 ParOldGen       total 67072K, used 11133K [0x00000000a0000000, 0x00000000a4180000, 0x00000000e0000000)
  object space 67072K, 16% used [0x00000000a0000000,0x00000000a0adf6e8,0x00000000a4180000)
 Metaspace       used 33750K, capacity 35372K, committed 35496K, reserved 1079296K
  class space    used 4831K, capacity 5041K, committed 5120K, reserved 1048576K
}
Event: 11.675 GC heap before
{Heap before GC invocations=10 (full 2):
 PSYoungGen      total 46080K, used 38912K [0x00000000e0000000, 0x00000000e4c00000, 0x0000000100000000)
  eden space 38912K, 100% used [0x00000000e0000000,0x00000000e2600000,0x00000000e2600000)
  from space 7168K, 0% used [0x00000000e2600000,0x00000000e2600000,0x00000000e2d00000)
  to   space 7168K, 0% used [0x00000000e4500000,0x00000000e4500000,0x00000000e4c00000)
 ParOldGen       total 67072K, used 11133K [0x00000000a0000000, 0x00000000a4180000, 0x00000000e0000000)
  object space 67072K, 16% used [0x00000000a0000000,0x00000000a0adf6e8,0x00000000a4180000)
 Metaspace       used 38553K, capacity 40918K, committed 41088K, reserved 1085440K
  class space    used 5494K, capacity 5707K, committed 5760K, reserved 1048576K
Event: 11.683 GC heap after
Heap after GC invocations=10 (full 2):
 PSYoungGen      total 59904K, used 4128K [0x00000000e0000000, 0x00000000e4980000, 0x0000000100000000)
  eden space 55296K, 0% used [0x00000000e0000000,0x00000000e0000000,0x00000000e3600000)
  from space 4608K, 89% used [0x00000000e4500000,0x00000000e49080a0,0x00000000e4980000)
  to   space 7168K, 0% used [0x00000000e3b80000,0x00000000e3b80000,0x00000000e4280000)
 ParOldGen       total 67072K, used 11133K [0x00000000a0000000, 0x00000000a4180000, 0x00000000e0000000)
  object space 67072K, 16% used [0x00000000a0000000,0x00000000a0adf6e8,0x00000000a4180000)
 Metaspace       used 38553K, capacity 40918K, committed 41088K, reserved 1085440K
  class space    used 5494K, capacity 5707K, committed 5760K, reserved 1048576K
}
Event: 13.859 GC heap before
{Heap before GC invocations=11 (full 2):
 PSYoungGen      total 59904K, used 59424K [0x00000000e0000000, 0x00000000e4980000, 0x0000000100000000)
  eden space 55296K, 100% used [0x00000000e0000000,0x00000000e3600000,0x00000000e3600000)
  from space 4608K, 89% used [0x00000000e4500000,0x00000000e49080a0,0x00000000e4980000)
  to   space 7168K, 0% used [0x00000000e3b80000,0x00000000e3b80000,0x00000000e4280000)
 ParOldGen       total 67072K, used 11133K [0x00000000a0000000, 0x00000000a4180000, 0x00000000e0000000)
  object space 67072K, 16% used [0x00000000a0000000,0x00000000a0adf6e8,0x00000000a4180000)
 Metaspace       used 44970K, capacity 47838K, committed 48000K, reserved 1091584K
  class space    used 6235K, capacity 6466K, committed 6528K, reserved 1048576K
Event: 15.207 GC heap after
Heap after GC invocations=11 (full 2):
 PSYoungGen      total 68096K, used 7155K [0x00000000e0000000, 0x00000000e6a00000, 0x0000000100000000)
  eden space 60928K, 0% used [0x00000000e0000000,0x00000000e0000000,0x00000000e3b80000)
  from space 7168K, 99% used [0x00000000e3b80000,0x00000000e427ce00,0x00000000e4280000)
  to   space 12800K, 0% used [0x00000000e5d80000,0x00000000e5d80000,0x00000000e6a00000)
 ParOldGen       total 67072K, used 23706K [0x00000000a0000000, 0x00000000a4180000, 0x00000000e0000000)
  object space 67072K, 35% used [0x00000000a0000000,0x00000000a1726b60,0x00000000a4180000)
 Metaspace       used 44970K, capacity 47838K, committed 48000K, reserved 1091584K
  class space    used 6235K, capacity 6466K, committed 6528K, reserved 1048576K
}
Event: 21.640 GC heap before
{Heap before GC invocations=12 (full 2):
 PSYoungGen      total 68096K, used 65370K [0x00000000e0000000, 0x00000000e6a00000, 0x0000000100000000)
  eden space 60928K, 95% used [0x00000000e0000000,0x00000000e38d9b60,0x00000000e3b80000)
  from space 7168K, 99% used [0x00000000e3b80000,0x00000000e427ce00,0x00000000e4280000)
  to   space 12800K, 0% used [0x00000000e5d80000,0x00000000e5d80000,0x00000000e6a00000)
 ParOldGen       total 67072K, used 23706K [0x00000000a0000000, 0x00000000a4180000, 0x00000000e0000000)
  object space 67072K, 35% used [0x00000000a0000000,0x00000000a1726b60,0x00000000a4180000)
 Metaspace       used 54045K, capacity 59096K, committed 59160K, reserved 1101824K
  class space    used 7486K, capacity 7773K, committed 7808K, reserved 1048576K
Event: 21.663 GC heap after
Heap after GC invocations=12 (full 2):
 PSYoungGen      total 93184K, used 12792K [0x00000000e0000000, 0x00000000e7600000, 0x0000000100000000)
  eden space 80384K, 0% used [0x00000000e0000000,0x00000000e0000000,0x00000000e4e80000)
  from space 12800K, 99% used [0x00000000e5d80000,0x00000000e69fe338,0x00000000e6a00000)
  to   space 15360K, 0% used [0x00000000e4e80000,0x00000000e4e80000,0x00000000e5d80000)
 ParOldGen       total 67072K, used 26055K [0x00000000a0000000, 0x00000000a4180000, 0x00000000e0000000)
  object space 67072K, 38% used [0x00000000a0000000,0x00000000a1971d08,0x00000000a4180000)
 Metaspace       used 54045K, capacity 59096K, committed 59160K, reserved 1101824K
  class space    used 7486K, capacity 7773K, committed 7808K, reserved 1048576K
}
Event: 21.663 GC heap before
{Heap before GC invocations=13 (full 3):
 PSYoungGen      total 93184K, used 12792K [0x00000000e0000000, 0x00000000e7600000, 0x0000000100000000)
  eden space 80384K, 0% used [0x00000000e0000000,0x00000000e0000000,0x00000000e4e80000)
  from space 12800K, 99% used [0x00000000e5d80000,0x00000000e69fe338,0x00000000e6a00000)
  to   space 15360K, 0% used [0x00000000e4e80000,0x00000000e4e80000,0x00000000e5d80000)
 ParOldGen       total 67072K, used 26055K [0x00000000a0000000, 0x00000000a4180000, 0x00000000e0000000)
  object space 67072K, 38% used [0x00000000a0000000,0x00000000a1971d08,0x00000000a4180000)
 Metaspace       used 54045K, capacity 59096K, committed 59160K, reserved 1101824K
  class space    used 7486K, capacity 7773K, committed 7808K, reserved 1048576K

Deoptimization events (10 events):
Event: 15.931 Thread 0x00007f4dac00e800 Uncommon trap: reason=unstable_if action=reinterpret pc=0x00007f4d9be30a20 method=scala.reflect.internal.pickling.ByteCodecs$.regenerateZero([B)I @ 27
Event: 15.931 Thread 0x00007f4dac00e800 Uncommon trap: reason=unstable_if action=reinterpret pc=0x00007f4d9ba62488 method=scala.reflect.internal.pickling.ByteCodecs$.regenerateZero([B)I @ 27
Event: 16.767 Thread 0x00007f4dac00e800 Uncommon trap: reason=unstable_if action=reinterpret pc=0x00007f4d9b486120 method=scala.collection.mutable.HashTable.findOrAddEntry(Ljava/lang/Object;Ljava/lang/Object;)Lscala/collection/mutable/HashEntry; @ 24
Event: 16.767 Thread 0x00007f4dac00e800 Uncommon trap: reason=unstable_if action=reinterpret pc=0x00007f4d9be7b1dc method=scala.collection.mutable.HashMap.put(Ljava/lang/Object;Ljava/lang/Object;)Lscala/Option; @ 11
Event: 16.767 Thread 0x00007f4dac00e800 Uncommon trap: reason=unstable_if action=reinterpret pc=0x00007f4d9b466b48 method=scala.collection.mutable.HashTable.findOrAddEntry(Ljava/lang/Object;Ljava/lang/Object;)Lscala/collection/mutable/HashEntry; @ 24
Event: 19.181 Thread 0x00007f4dac00e800 Uncommon trap: reason=class_check action=maybe_recompile pc=0x00007f4d9b543dfc method=sun.misc.URLClassPath.getLoader(I)Lsun/misc/URLClassPath$Loader; @ 94
Event: 19.181 Thread 0x00007f4dac00e800 Uncommon trap: reason=class_check action=maybe_recompile pc=0x00007f4d9bdca368 method=sun.misc.URLClassPath.getResource(Ljava/lang/String;Z)Lsun/misc/Resource; @ 62
Event: 19.181 Thread 0x00007f4dac00e800 Uncommon trap: reason=unstable_if action=reinterpret pc=0x00007f4d9bcc06c4 method=java.lang.String.regionMatches(ZILjava/lang/String;II)Z @ 41
Event: 19.597 Thread 0x00007f4dac00e800 Uncommon trap: reason=unstable_if action=reinterpret pc=0x00007f4d9bcf782c method=java.lang.SecurityManager.checkPackageAccess(Ljava/lang/String;)V @ 85
Event: 20.837 Thread 0x00007f4dac00e800 Uncommon trap: reason=unstable_if action=reinterpret pc=0x00007f4d9b556514 method=java.net.URI.match(CJJ)Z @ 45

Classes redefined (0 events):
No events

Internal exceptions (10 events):
Event: 21.052 Thread 0x00007f4dac00e800 Exception <a 'java/lang/NoSuchMethodError': java.lang.Object.$anonfun$loadForParser$1(Lscala/Function2;)Lscala/Function2;> (0x00000000e2fee668) thrown at [/HUDSON/workspace/8-2-build-linux-amd64/jdk8u181/11358/hotspot/src/share/vm/interpreter/linkResolver
Event: 21.053 Thread 0x00007f4dac00e800 Exception <a 'java/lang/NoSuchMethodError': java.lang.Object.$anonfun$loadForParserI$1(Lsbt/BuildCommon;Lsbt/TaskKey;Lsjsonnew/JsonFormat;Lscala/Tuple2;)Lscala/Function1;> (0x00000000e2ff3058) thrown at [/HUDSON/workspace/8-2-build-linux-amd64/jdk8u181/11
Event: 21.381 Thread 0x00007f4dac00e800 Exception <a 'java/lang/NoSuchMethodError': java.lang.Object.$anonfun$overrideConfigs$1(Lsbt/librarymanagement/Configuration;)Ljava/lang/String;> (0x00000000e3391630) thrown at [/HUDSON/workspace/8-2-build-linux-amd64/jdk8u181/11358/hotspot/src/share/vm/i
Event: 21.382 Thread 0x00007f4dac00e800 Exception <a 'java/lang/NoSuchMethodError': java.lang.Object.$anonfun$overrideConfigs$2(Lsbt/librarymanagement/Configuration;)Lscala/Tuple2;> (0x00000000e3395e28) thrown at [/HUDSON/workspace/8-2-build-linux-amd64/jdk8u181/11358/hotspot/src/share/vm/inter
Event: 21.383 Thread 0x00007f4dac00e800 Exception <a 'java/lang/NoSuchMethodError': java.lang.Object.$anonfun$overrideConfigs$3(Lscala/collection/immutable/Map;Lsbt/librarymanagement/Configuration;)Lsbt/librarymanagement/Configuration;> (0x00000000e339a700) thrown at [/HUDSON/workspace/8-2-buil
Event: 21.384 Thread 0x00007f4dac00e800 Exception <a 'java/lang/NoSuchMethodError': java.lang.Object.$anonfun$overrideConfigs$4(Lsbt/librarymanagement/Configuration;)Lsbt/librarymanagement/Configuration;> (0x00000000e339fc88) thrown at [/HUDSON/workspace/8-2-build-linux-amd64/jdk8u181/11358/hot
Event: 21.385 Thread 0x00007f4dac00e800 Exception <a 'java/lang/NoSuchMethodError': java.lang.Object.$anonfun$overrideConfigs$5$adapted(Lscala/collection/immutable/Set;Lsbt/librarymanagement/Configuration;)Ljava/lang/Object;> (0x00000000e33a4968) thrown at [/HUDSON/workspace/8-2-build-linux-amd
Event: 21.430 Thread 0x00007f4dac00e800 Exception <a 'java/lang/NoSuchMethodError': java.lang.Object.$anonfun$mutableSetAsJavaSetConverter$1(Lscala/collection/convert/DecorateAsJava;Lscala/collection/mutable/Set;)Ljava/util/Set;> (0x00000000e33d9088) thrown at [/HUDSON/workspace/8-2-build-linux
Event: 21.455 Thread 0x00007f4dac00e800 Exception <a 'java/lang/NoSuchMethodError': java.lang.Object.$anonfun$resolveBuild$1(Lscala/Function1;Lsbt/ClasspathDep;)Lsbt/ClasspathDependency;> (0x00000000e343da40) thrown at [/HUDSON/workspace/8-2-build-linux-amd64/jdk8u181/11358/hotspot/src/share/vm
Event: 21.457 Thread 0x00007f4dac00e800 Exception <a 'java/lang/NoSuchMethodError': java.lang.Object.$anonfun$uses$1(Lsbt/ClasspathDep;)Lsbt/ProjectReference;> (0x00000000e3448d30) thrown at [/HUDSON/workspace/8-2-build-linux-amd64/jdk8u181/11358/hotspot/src/share/vm/interpreter/linkResolver.cp

Events (10 events):
Event: 21.630 Thread 0x00007f4dac00e800 DEOPT UNPACKING pc=0x00007f4d9b3a0784 sp=0x00007f4db221ddc0 mode 1
Event: 21.630 Thread 0x00007f4dac00e800 DEOPT PACKING pc=0x00007f4d9b67133c sp=0x00007f4db221e110
Event: 21.630 Thread 0x00007f4dac00e800 DEOPT UNPACKING pc=0x00007f4d9b3a0784 sp=0x00007f4db221de50 mode 1
Event: 21.636 loading class sun/util/locale/provider/DateFormatProviderImpl
Event: 21.637 loading class sun/util/locale/provider/DateFormatProviderImpl done
Event: 21.639 Thread 0x00007f4dae4b1000 DEOPT PACKING pc=0x00007f4d9bb0712a sp=0x00007f4d8410a670
Event: 21.639 Thread 0x00007f4dae4b1000 DEOPT UNPACKING pc=0x00007f4d9b3a0784 sp=0x00007f4d8410a3c8 mode 1
Event: 21.639 Thread 0x00007f4dae4b1000 DEOPT PACKING pc=0x00007f4d9bb061e4 sp=0x00007f4d8410a710
Event: 21.639 Thread 0x00007f4dae4b1000 DEOPT UNPACKING pc=0x00007f4d9b3a0784 sp=0x00007f4d8410a490 mode 1
Event: 21.639 Executing VM operation: CollectForMetadataAllocation


Dynamic libraries:
00400000-00401000 r-xp 00000000 08:01 1201597                            /usr/lib/jvm/java-8-oracle/bin/java
00600000-00601000 rw-p 00000000 08:01 1201597                            /usr/lib/jvm/java-8-oracle/bin/java
02443000-02464000 rw-p 00000000 00:00 0                                  [heap]
a0000000-a4180000 rw-p 00000000 00:00 0 
a6e00000-e0000000 ---p 00000000 00:00 0 
e0000000-e7600000 rw-p 00000000 00:00 0 
e7600000-100000000 ---p 00000000 00:00 0 
100000000-1007a0000 rw-p 00000000 00:00 0 
1007a0000-140000000 ---p 00000000 00:00 0 
7f4d40000000-7f4d40021000 rw-p 00000000 00:00 0 
7f4d40021000-7f4d44000000 ---p 00000000 00:00 0 
7f4d44000000-7f4d44157000 rw-p 00000000 00:00 0 
7f4d44157000-7f4d48000000 ---p 00000000 00:00 0 
7f4d48000000-7f4d48021000 rw-p 00000000 00:00 0 
7f4d48021000-7f4d4c000000 ---p 00000000 00:00 0 
7f4d4e600000-7f4d4e626000 rw-p 00000000 00:00 0 
7f4d4e626000-7f4d4e800000 ---p 00000000 00:00 0 
7f4d4e800000-7f4d4ea00000 rw-p 00000000 00:00 0 
7f4d4ea00000-7f4d4ec00000 rw-p 00000000 00:00 0 
7f4d4ec00000-7f4d4ee00000 rw-p 00000000 00:00 0 
7f4d4ee00000-7f4d4f000000 rw-p 00000000 00:00 0 
7f4d4f000000-7f4d4f200000 rw-p 00000000 00:00 0 
7f4d4f200000-7f4d4f400000 rw-p 00000000 00:00 0 
7f4d4f400000-7f4d4f600000 rw-p 00000000 00:00 0 
7f4d4f600000-7f4d4f800000 rw-p 00000000 00:00 0 
7f4d4f800000-7f4d4fa00000 rw-p 00000000 00:00 0 
7f4d4fa00000-7f4d4fc00000 rw-p 00000000 00:00 0 
7f4d4fc00000-7f4d4fe00000 rw-p 00000000 00:00 0 
7f4d4fe00000-7f4d50000000 rw-p 00000000 00:00 0 
7f4d50000000-7f4d5017f000 rw-p 00000000 00:00 0 
7f4d5017f000-7f4d54000000 ---p 00000000 00:00 0 
7f4d54027000-7f4d540bc000 r--s 0110e000 08:01 1202087                    /usr/lib/jvm/java-8-oracle/jre/lib/ext/jfxrt.jar
7f4d540bc000-7f4d540c1000 r--s 0003f000 08:01 1202094                    /usr/lib/jvm/java-8-oracle/jre/lib/ext/sunjce_provider.jar
7f4d540c1000-7f4d540c3000 r--s 00009000 08:01 1202084                    /usr/lib/jvm/java-8-oracle/jre/lib/ext/sunec.jar
7f4d540c3000-7f4d540c7000 r--s 0003a000 08:01 1202091                    /usr/lib/jvm/java-8-oracle/jre/lib/ext/sunpkcs11.jar
7f4d540c7000-7f4d540c8000 r--s 0000a000 08:01 1202088                    /usr/lib/jvm/java-8-oracle/jre/lib/ext/jaccess.jar
7f4d540c8000-7f4d540e4000 r--s 00393000 08:01 1202086                    /usr/lib/jvm/java-8-oracle/jre/lib/ext/cldrdata.jar
7f4d540e4000-7f4d540ee000 r--s 00116000 08:01 1202093                    /usr/lib/jvm/java-8-oracle/jre/lib/ext/localedata.jar
7f4d540ee000-7f4d540f3000 r--s 00084000 08:01 1201996                    /usr/lib/jvm/java-8-oracle/jre/lib/jfr.jar
7f4d540f3000-7f4d540f8000 r--s 002f9000 08:01 1202017                    /usr/lib/jvm/java-8-oracle/jre/lib/charsets.jar
7f4d540f8000-7f4d5410b000 r--s 00345000 08:01 1202023                    /usr/lib/jvm/java-8-oracle/jre/lib/resources.jar
7f4d5410b000-7f4d54184000 r--s 010f9000 08:01 1201703                    /usr/lib/jvm/java-8-oracle/lib/tools.jar
7f4d54184000-7f4d54187000 ---p 00000000 00:00 0 
7f4d54187000-7f4d541bd000 rw-p 00000000 00:00 0 
7f4d541bd000-7f4d541c0000 ---p 00000000 00:00 0 
7f4d541c0000-7f4d543f6000 rw-p 00000000 00:00 0 
7f4d543f6000-7f4d545f6000 rw-p 00000000 00:00 0 
7f4d545f6000-7f4d547f6000 rw-p 00000000 00:00 0 
7f4d547f6000-7f4d549f6000 rw-p 00000000 00:00 0 
7f4d549f6000-7f4d54bf6000 rw-p 00000000 00:00 0 
7f4d54bf6000-7f4d54df6000 rw-p 00000000 00:00 0 
7f4d54df6000-7f4d54dff000 r-xp 00000000 08:01 1202189                    /usr/lib/jvm/java-8-oracle/jre/lib/amd64/libmanagement.so
7f4d54dff000-7f4d54ffe000 ---p 00009000 08:01 1202189                    /usr/lib/jvm/java-8-oracle/jre/lib/amd64/libmanagement.so
7f4d54ffe000-7f4d54fff000 rw-p 00008000 08:01 1202189                    /usr/lib/jvm/java-8-oracle/jre/lib/amd64/libmanagement.so
7f4d54fff000-7f4d58000000 rw-p 00000000 00:00 0 
7f4d58000000-7f4d58021000 rw-p 00000000 00:00 0 
7f4d58021000-7f4d5c000000 ---p 00000000 00:00 0 
7f4d5c000000-7f4d5c021000 rw-p 00000000 00:00 0 
7f4d5c021000-7f4d60000000 ---p 00000000 00:00 0 
7f4d60000000-7f4d637dd000 rw-p 00000000 00:00 0 
7f4d637dd000-7f4d64000000 ---p 00000000 00:00 0 
7f4d64000000-7f4d64eb0000 rw-p 00000000 00:00 0 
7f4d64eb0000-7f4d68000000 ---p 00000000 00:00 0 
7f4d68000000-7f4d68021000 rw-p 00000000 00:00 0 
7f4d68021000-7f4d6c000000 ---p 00000000 00:00 0 
7f4d6c000000-7f4d6f33d000 rw-p 00000000 00:00 0 
7f4d6f33d000-7f4d70000000 ---p 00000000 00:00 0 
7f4d70000000-7f4d70021000 rw-p 00000000 00:00 0 
7f4d70021000-7f4d74000000 ---p 00000000 00:00 0 
7f4d74000000-7f4d74021000 rw-p 00000000 00:00 0 
7f4d74021000-7f4d78000000 ---p 00000000 00:00 0 
7f4d78000000-7f4d78021000 rw-p 00000000 00:00 0 
7f4d78021000-7f4d7c000000 ---p 00000000 00:00 0 
7f4d7c000000-7f4d7c021000 rw-p 00000000 00:00 0 
7f4d7c021000-7f4d80000000 ---p 00000000 00:00 0 
7f4d80000000-7f4d8032a000 rw-p 00000000 00:00 0 
7f4d8032a000-7f4d84000000 ---p 00000000 00:00 0 
7f4d84000000-7f4d84002000 r--s 00001000 08:01 1202085                    /usr/lib/jvm/java-8-oracle/jre/lib/ext/dnsns.jar
7f4d84002000-7f4d84003000 r--s 00010000 08:01 1202090                    /usr/lib/jvm/java-8-oracle/jre/lib/ext/zipfs.jar
7f4d84003000-7f4d84006000 r--s 0001a000 08:01 1202030                    /usr/lib/jvm/java-8-oracle/jre/lib/jce.jar
7f4d84006000-7f4d8400b000 r--s 0009d000 08:01 1202024                    /usr/lib/jvm/java-8-oracle/jre/lib/jsse.jar
7f4d8400b000-7f4d8400e000 ---p 00000000 00:00 0 
7f4d8400e000-7f4d8410c000 rw-p 00000000 00:00 0 
7f4d8410c000-7f4d84127000 r--s 001d4000 08:01 1202089                    /usr/lib/jvm/java-8-oracle/jre/lib/ext/nashorn.jar
7f4d84127000-7f4d84129000 r--s 0000b000 08:01 936190                     /home/udeshika/.sbt/boot/scala-2.12.6/org.scala-sbt/sbt/1.2.1/logic_2.12-1.2.1.jar
7f4d84129000-7f4d84145000 r--s 0013b000 08:01 936156                     /home/udeshika/.sbt/boot/scala-2.12.6/org.scala-sbt/sbt/1.2.1/log4j-core-2.8.1.jar
7f4d84145000-7f4d84147000 r--s 00007000 08:01 936219                     /home/udeshika/.sbt/boot/scala-2.12.6/org.scala-sbt/sbt/1.2.1/util-tracking_2.12-1.2.0.jar
7f4d84147000-7f4d84149000 r--s 0000e000 08:01 936232                     /home/udeshika/.sbt/boot/scala-2.12.6/org.scala-sbt/sbt/1.2.1/fastparse-utils_2.12-0.4.2.jar
7f4d84149000-7f4d8414a000 r--s 00000000 08:01 936194                     /home/udeshika/.sbt/boot/scala-2.12.6/org.scala-sbt/sbt/1.2.1/scripted-plugin_2.12-1.2.1.jar
7f4d8414a000-7f4d8414c000 r--s 0000f000 08:01 936178                     /home/udeshika/.sbt/boot/scala-2.12.6/org.scala-sbt/sbt/1.2.1/util-scripted_2.12-1.2.0.jar
7f4d8414c000-7f4d8414f000 r--s 00026000 08:01 936218                     /home/udeshika/.sbt/boot/scala-2.12.6/org.scala-sbt/sbt/1.2.1/gigahorse-core_2.12-0.3.0.jar
7f4d8414f000-7f4d84151000 r--s 00024000 08:01 936168                     /home/udeshika/.sbt/boot/scala-2.12.6/org.scala-sbt/sbt/1.2.1/zinc-apiinfo_2.12-1.2.1.jar
7f4d84151000-7f4d8415b000 r--s 000b6000 08:01 936172                     /home/udeshika/.sbt/boot/scala-2.12.6/org.scala-sbt/sbt/1.2.1/librarymanagement-core_2.12-1.2.0.jar
7f4d8415b000-7f4d8415c000 r--s 00007000 08:01 936210                     /home/udeshika/.sbt/boot/scala-2.12.6/org.scala-sbt/sbt/1.2.1/okhttp-urlconnection-3.7.0.jar
7f4d8415c000-7f4d8435c000 rw-p 00000000 00:00 0 
7f4d8435c000-7f4d8455c000 rw-p 00000000 00:00 0 
7f4d8455c000-7f4d8455f000 r--s 0001c000 08:01 936202                     /home/udeshika/.sbt/boot/scala-2.12.6/org.scala-sbt/sbt/1.2.1/scalacache-core_2.12-0.20.0.jar
7f4d8455f000-7f4d84560000 r--s 00009000 08:01 936158                     /home/udeshika/.sbt/boot/scala-2.12.6/org.scala-sbt/sbt/1.2.1/gigahorse-okhttp_2.12-0.3.0.jar
7f4d84560000-7f4d84561000 r--s 0000c000 08:01 936233                     /home/udeshika/.sbt/boot/scala-2.12.6/org.scala-sbt/sbt/1.2.1/zinc-classfile_2.12-1.2.1.jar
7f4d84561000-7f4d84562000 r--s 00000000 08:01 936200                     /home/udeshika/.sbt/boot/scala-2.12.6/org.scala-sbt/sbt/1.2.1/reactive-streams-1.0.0.jar
7f4d84562000-7f4d8457c000 r--s 0021e000 08:01 936164                     /home/udeshika/.sbt/boot/scala-2.12.6/org.scala-sbt/sbt/1.2.1/jna-platform-4.5.0.jar
7f4d8457c000-7f4d8457d000 r--s 00011000 08:01 936177                     /home/udeshika/.sbt/boot/scala-2.12.6/org.scala-sbt/sbt/1.2.1/run_2.12-1.2.1.jar
7f4d8457d000-7f4d84583000 r--s 00094000 08:01 936221                     /home/udeshika/.sbt/boot/scala-2.12.6/org.scala-sbt/sbt/1.2.1/librarymanagement-ivy_2.12-1.2.0.jar
7f4d84583000-7f4d84599000 r--s 000e0000 08:01 936176                     /home/udeshika/.sbt/boot/scala-2.12.6/org.scala-sbt/sbt/1.2.1/caffeine-2.5.6.jar
7f4d84599000-7f4d8459c000 r--s 0002e000 08:01 936228                     /home/udeshika/.sbt/boot/scala-2.12.6/org.scala-sbt/sbt/1.2.1/testing_2.12-1.2.1.jar
7f4d8459c000-7f4d8459d000 r--s 00005000 08:01 936186                     /home/udeshika/.sbt/boot/scala-2.12.6/org.scala-sbt/sbt/1.2.1/apple-file-events-1.3.2.jar
7f4d8459d000-7f4d8459f000 r--s 00011000 08:01 936212                     /home/udeshika/.sbt/boot/scala-2.12.6/org.scala-sbt/sbt/1.2.1/zinc-classpath_2.12-1.2.1.jar
7f4d8459f000-7f4d845a5000 r--s 0005b000 08:01 936198                     /home/udeshika/.sbt/boot/scala-2.12.6/org.scala-sbt/sbt/1.2.1/okhttp-3.7.0.jar
7f4d845a5000-7f4d845c8000 r--s 0034e000 08:01 936193                     /home/udeshika/.sbt/boot/scala-2.12.6/org.scala-sbt/sbt/1.2.1/scala-reflect-2.12.6.jar
7f4d845c8000-7f4d845ca000 r--s 0000f000 08:01 936224                     /home/udeshika/.sbt/boot/scala-2.12.6/org.scala-sbt/sbt/1.2.1/shaded-scalajson_2.12-1.0.0-M4.jar
7f4d845ca000-7f4d847ca000 rw-p 00000000 00:00 0 
7f4d847ca000-7f4d847d5000 r--s 001c1000 08:01 936213                     /home/udeshika/.sbt/boot/scala-2.12.6/org.scala-sbt/sbt/1.2.1/main_2.12-1.2.1.jar
7f4d847d5000-7f4d847dd000 r--s 00092000 08:01 936167                     /home/udeshika/.sbt/boot/scala-2.12.6/org.scala-sbt/sbt/1.2.1/main-settings_2.12-1.2.1.jar
7f4d847dd000-7f4d847e0000 r--s 0003d000 08:01 936161                     /home/udeshika/.sbt/boot/scala-2.12.6/org.scala-sbt/sbt/1.2.1/completion_2.12-1.2.1.jar
7f4d847e0000-7f4d847e2000 r--s 00008000 08:01 936175                     /home/udeshika/.sbt/boot/scala-2.12.6/org.scala-sbt/sbt/1.2.1/sjson-new-scalajson_2.12-0.8.2.jar
7f4d847e2000-7f4d847e6000 r--s 00063000 08:01 936203                     /home/udeshika/.sbt/boot/scala-2.12.6/org.scala-sbt/sbt/1.2.1/protocol_2.12-1.2.1.jar
7f4d847e6000-7f4d847e8000 r--s 00004000 08:01 936211                     /home/udeshika/.sbt/boot/scala-2.12.6/org.scala-sbt/sbt/1.2.1/ipcsocket-1.0.0.jar
7f4d847e8000-7f4d847f7000 r--s 0013d000 08:01 936157                     /home/udeshika/.sbt/boot/scala-2.12.6/org.scala-sbt/sbt/1.2.1/protobuf-java-3.3.1.jar
7f4d847f7000-7f4d847f8000 r--s 00005000 08:01 936173                     /home/udeshika/.sbt/boot/scala-2.12.6/org.scala-sbt/sbt/1.2.1/log4j-slf4j-impl-2.8.1.jar
7f4d847f8000-7f4d847fa000 r--s 00002000 08:01 936155                     /home/udeshika/.sbt/boot/scala-2.12.6/org.scala-sbt/sbt/1.2.1/util-control_2.12-1.2.0.jar
7f4d847fa000-7f4d847fc000 r--s 00009000 08:01 936225                     /home/udeshika/.sbt/boot/scala-2.12.6/org.scala-sbt/sbt/1.2.1/slf4j-api-1.7.25.jar
7f4d847fc000-7f4d847ff000 r--s 00039000 08:01 936217                     /home/udeshika/.sbt/boot/scala-2.12.6/org.scala-sbt/sbt/1.2.1/util-logging_2.12-1.2.0.jar
7f4d847ff000-7f4d84801000 r--s 00012000 08:01 936205                     /home/udeshika/.sbt/boot/scala-2.12.6/org.scala-sbt/sbt/1.2.1/tasks_2.12-1.2.1.jar
7f4d84801000-7f4d84802000 r--s 00001000 08:01 936169                     /home/udeshika/.sbt/boot/scala-2.12.6/org.scala-sbt/sbt/1.2.1/scalacache-caffeine_2.12-0.20.0.jar
7f4d84802000-7f4d84805000 r--s 00043000 08:01 936183                     /home/udeshika/.sbt/boot/scala-2.12.6/org.scala-sbt/sbt/1.2.1/command_2.12-1.2.1.jar
7f4d84805000-7f4d84807000 r--s 00002000 08:01 936216                     /home/udeshika/.sbt/boot/scala-2.12.6/org.scala-sbt/sbt/1.2.1/test-interface-1.0.jar
7f4d84807000-7f4d8480b000 r--s 00030000 08:01 936195                     /home/udeshika/.sbt/boot/scala-2.12.6/org.scala-sbt/sbt/1.2.1/scala-parser-combinators_2.12-1.0.5.jar
7f4d8480b000-7f4d84810000 r--s 00033000 08:01 936162                     /home/udeshika/.sbt/boot/scala-2.12.6/org.scala-sbt/sbt/1.2.1/log4j-api-2.8.1.jar
7f4d84810000-7f4d84814000 r--s 00013000 08:01 936227                     /home/udeshika/.sbt/boot/scala-2.12.6/org.scala-sbt/sbt/1.2.1/compiler-interface-1.2.1.jar
7f4d84814000-7f4d84817000 r--s 00012000 08:01 936182                     /home/udeshika/.sbt/boot/scala-2.12.6/org.scala-sbt/sbt/1.2.1/disruptor-3.3.6.jar
7f4d84817000-7f4d8482c000 r--s 00101000 08:01 936174                     /home/udeshika/.sbt/boot/scala-2.12.6/org.scala-sbt/sbt/1.2.1/ivy-2.3.0-sbt-b18f59ea3bc914a297bb6f1a4f7fb0ace399e310.jar
7f4d8482c000-7f4d84839000 r--s 001a6000 08:01 936208                     /home/udeshika/.sbt/boot/scala-2.12.6/org.scala-sbt/sbt/1.2.1/scalapb-runtime_2.12-0.6.0.jar
7f4d84839000-7f4d8483c000 r--s 00034000 08:01 936192                     /home/udeshika/.sbt/boot/scala-2.12.6/org.scala-sbt/sbt/1.2.1/zinc-compile-core_2.12-1.2.1.jar
7f4d8483c000-7f4d8483e000 r--s 00012000 08:01 936231                     /home/udeshika/.sbt/boot/scala-2.12.6/org.scala-sbt/sbt/1.2.1/okio-1.12.0.jar
7f4d8483e000-7f4d84840000 r--s 00019000 08:01 936199                     /home/udeshika/.sbt/boot/scala-2.12.6/org.scala-sbt/sbt/1.2.1/task-system_2.12-1.2.1.jar
7f4d84840000-7f4d84842000 r--s 00011000 08:01 936179                     /home/udeshika/.sbt/boot/scala-2.12.6/org.scala-sbt/sbt/1.2.1/jawn-parser_2.12-0.10.4.jar
7f4d84842000-7f4d84844000 r--s 00012000 08:01 936230                     /home/udeshika/.sbt/boot/scala-2.12.6/org.scala-sbt/sbt/1.2.1/core-macros_2.12-1.2.1.jar
7f4d84844000-7f4d84849000 r--s 00048000 08:01 936223                     /home/udeshika/.sbt/boot/scala-2.12.6/org.scala-sbt/sbt/1.2.1/io_2.12-1.2.1.jar
7f4d84849000-7f4d8484a000 r--s 00003000 08:01 936215                     /home/udeshika/.sbt/boot/scala-2.12.6/org.scala-sbt/sbt/1.2.1/zinc-compile_2.12-1.2.1.jar
7f4d8484a000-7f4d8484c000 r--s 00007000 08:01 936214                     /home/udeshika/.sbt/boot/scala-2.12.6/org.scala-sbt/sbt/1.2.1/lenses_2.12-0.4.12.jar
7f4d8484c000-7f4d84852000 r--s 00080000 08:01 936159                     /home/udeshika/.sbt/boot/scala-2.12.6/org.scala-sbt/sbt/1.2.1/scala-xml_2.12-1.0.6.jar
7f4d84852000-7f4d8485f000 r--s 001ae000 08:01 936209                     /home/udeshika/.sbt/boot/scala-2.12.6/org.scala-sbt/sbt/1.2.1/zinc-persist_2.12-1.2.1.jar
7f4d8485f000-7f4d84861000 r--s 0000e000 08:01 936165                     /home/udeshika/.sbt/boot/scala-2.12.6/org.scala-sbt/sbt/1.2.1/zinc_2.12-1.2.1.jar
7f4d84861000-7f4d84862000 r--s 0000b000 08:01 936171                     /home/udeshika/.sbt/boot/scala-2.12.6/org.scala-sbt/sbt/1.2.1/zinc-ivy-integration_2.12-1.2.1.jar
7f4d84862000-7f4d84866000 r--s 00050000 08:01 936185                     /home/udeshika/.sbt/boot/scala-2.12.6/org.scala-sbt/sbt/1.2.1/zinc-core_2.12-1.2.1.jar
7f4d84866000-7f4d84867000 r--s 00002000 08:01 936163                     /home/udeshika/.sbt/boot/scala-2.12.6/org.scala-sbt/sbt/1.2.1/launcher-interface-1.0.4.jar
7f4d84867000-7f4d8486b000 r--s 0004c000 08:01 936170                     /home/udeshika/.sbt/boot/scala-2.12.6/org.scala-sbt/sbt/1.2.1/collections_2.12-1.2.1.jar
7f4d8486b000-7f4d8486c000 r--s 00010000 08:01 936201                     /home/udeshika/.sbt/boot/scala-2.12.6/org.scala-sbt/sbt/1.2.1/scripted-sbt-redux_2.12-1.2.1.jar
7f4d8486c000-7f4d8486d000 r--s 00005000 08:01 936197                     /home/udeshika/.sbt/boot/scala-2.12.6/org.scala-sbt/sbt/1.2.1/test-agent-1.2.1.jar
7f4d8486d000-7f4d8486f000 r--s 0000e000 08:01 936222                     /home/udeshika/.sbt/boot/scala-2.12.6/org.scala-sbt/sbt/1.2.1/sbt-1.2.1.jar
7f4d8486f000-7f4d84870000 r--s 00000000 08:01 936187                     /home/udeshika/.sbt/boot/scala-2.12.6/org.scala-sbt/sbt/1.2.1/util-interface-1.2.0.jar
7f4d84870000-7f4d84875000 r--s 00031000 08:01 936220                     /home/udeshika/.sbt/boot/scala-2.12.6/org.scala-sbt/sbt/1.2.1/config-1.2.0.jar
7f4d84875000-7f4d8487b000 r--s 000bb000 08:01 936229                     /home/udeshika/.sbt/boot/scala-2.12.6/org.scala-sbt/sbt/1.2.1/sjson-new-core_2.12-0.8.2.jar
7f4d8487b000-7f4d84880000 r--s 00040000 08:01 936191                     /home/udeshika/.sbt/boot/scala-2.12.6/org.scala-sbt/sbt/1.2.1/jsch-0.1.54.jar
7f4d84880000-7f4d84884000 r--s 0015c000 08:01 936207                     /home/udeshika/.sbt/boot/scala-2.12.6/org.scala-sbt/sbt/1.2.1/jna-4.5.0.jar
7f4d84884000-7f4d84887000 r--s 00022000 08:01 936196                     /home/udeshika/.sbt/boot/scala-2.12.6/org.scala-sbt/sbt/1.2.1/sbinary_2.12-0.4.4.jar
7f4d84887000-7f4d848d5000 r--s 009a1000 08:01 411276                     /home/udeshika/.sbt/boot/scala-2.12.6/lib/scala-compiler.jar
7f4d848d5000-7f4d848e6000 r-xp 00000000 08:01 1202184                    /usr/lib/jvm/java-8-oracle/jre/lib/amd64/libnio.so
7f4d848e6000-7f4d84ae5000 ---p 00011000 08:01 1202184                    /usr/lib/jvm/java-8-oracle/jre/lib/amd64/libnio.so
7f4d84ae5000-7f4d84ae6000 rw-p 00010000 08:01 1202184                    /usr/lib/jvm/java-8-oracle/jre/lib/amd64/libnio.so
7f4d84ae6000-7f4d84afc000 r-xp 00000000 08:01 1202181                    /usr/lib/jvm/java-8-oracle/jre/lib/amd64/libnet.so
7f4d84afc000-7f4d84cfc000 ---p 00016000 08:01 1202181                    /usr/lib/jvm/java-8-oracle/jre/lib/amd64/libnet.so
7f4d84cfc000-7f4d84cfd000 rw-p 00016000 08:01 1202181                    /usr/lib/jvm/java-8-oracle/jre/lib/amd64/libnet.so
7f4d84cfd000-7f4d84cfe000 ---p 00000000 00:00 0 
7f4d84cfe000-7f4d84dfe000 rw-p 00000000 00:00 0 
7f4d84dfe000-7f4d84e01000 ---p 00000000 00:00 0 
7f4d84e01000-7f4d84eff000 rw-p 00000000 00:00 0 
7f4d84eff000-7f4d84f00000 ---p 00000000 00:00 0 
7f4d84f00000-7f4d84f03000 ---p 00000000 00:00 0 
7f4d84f03000-7f4d88000000 rw-p 00000000 00:00 0 
7f4d88000000-7f4d88021000 rw-p 00000000 00:00 0 
7f4d88021000-7f4d8c000000 ---p 00000000 00:00 0 
7f4d8c000000-7f4d8c021000 rw-p 00000000 00:00 0 
7f4d8c021000-7f4d90000000 ---p 00000000 00:00 0 
7f4d90000000-7f4d90029000 rw-p 00000000 00:00 0 
7f4d90029000-7f4d94000000 ---p 00000000 00:00 0 
7f4d94000000-7f4d94021000 rw-p 00000000 00:00 0 
7f4d94021000-7f4d98000000 ---p 00000000 00:00 0 
7f4d98000000-7f4d98002000 r--s 00019000 08:01 936166                     /home/udeshika/.sbt/boot/scala-2.12.6/org.scala-sbt/sbt/1.2.1/sourcecode_2.12-0.1.3.jar
7f4d98002000-7f4d98006000 r--s 00047000 08:01 936226                     /home/udeshika/.sbt/boot/scala-2.12.6/org.scala-sbt/sbt/1.2.1/fastparse_2.12-0.4.2.jar
7f4d98006000-7f4d98029000 r--s 0034e000 08:01 411277                     /home/udeshika/.sbt/boot/scala-2.12.6/lib/scala-reflect.jar
7f4d98029000-7f4d9802a000 ---p 00000000 00:00 0 
7f4d9802a000-7f4d9802d000 ---p 00000000 00:00 0 
7f4d9802d000-7f4d9812a000 rw-p 00000000 00:00 0 
7f4d9812a000-7f4d9812b000 ---p 00000000 00:00 0 
7f4d9812b000-7f4d9812e000 ---p 00000000 00:00 0 
7f4d9812e000-7f4d9822b000 rw-p 00000000 00:00 0 
7f4d9822b000-7f4d9822e000 ---p 00000000 00:00 0 
7f4d9822e000-7f4d9832c000 rw-p 00000000 00:00 0 
7f4d9832c000-7f4d9832f000 ---p 00000000 00:00 0 
7f4d9832f000-7f4d9842d000 rw-p 00000000 00:00 0 
7f4d9842d000-7f4d98431000 r-xp 00000000 08:01 1202150                    /usr/lib/jvm/java-8-oracle/jre/lib/amd64/libdt_socket.so
7f4d98431000-7f4d98630000 ---p 00004000 08:01 1202150                    /usr/lib/jvm/java-8-oracle/jre/lib/amd64/libdt_socket.so
7f4d98630000-7f4d98631000 rw-p 00003000 08:01 1202150                    /usr/lib/jvm/java-8-oracle/jre/lib/amd64/libdt_socket.so
7f4d98631000-7f4d98634000 ---p 00000000 00:00 0 
7f4d98634000-7f4d98732000 rw-p 00000000 00:00 0 
7f4d98732000-7f4d98735000 ---p 00000000 00:00 0 
7f4d98735000-7f4d98833000 rw-p 00000000 00:00 0 
7f4d98833000-7f4d98836000 ---p 00000000 00:00 0 
7f4d98836000-7f4d98934000 rw-p 00000000 00:00 0 
7f4d98934000-7f4d98935000 ---p 00000000 00:00 0 
7f4d98935000-7f4d99944000 rw-p 00000000 00:00 0 
7f4d99944000-7f4d99b1e000 r--s 03d6b000 08:01 1202019                    /usr/lib/jvm/java-8-oracle/jre/lib/rt.jar
7f4d99b1e000-7f4d9a694000 rw-p 00000000 00:00 0 
7f4d9a694000-7f4d9a695000 ---p 00000000 00:00 0 
7f4d9a695000-7f4d9a795000 rw-p 00000000 00:00 0 
7f4d9a795000-7f4d9a796000 ---p 00000000 00:00 0 
7f4d9a796000-7f4d9a896000 rw-p 00000000 00:00 0 
7f4d9a896000-7f4d9a897000 ---p 00000000 00:00 0 
7f4d9a897000-7f4d9a997000 rw-p 00000000 00:00 0 
7f4d9a997000-7f4d9a998000 ---p 00000000 00:00 0 
7f4d9a998000-7f4d9aab9000 rw-p 00000000 00:00 0 
7f4d9aab9000-7f4d9ac98000 ---p 00000000 00:00 0 
7f4d9ac98000-7f4d9acb9000 rw-p 00000000 00:00 0 
7f4d9acb9000-7f4d9ae98000 ---p 00000000 00:00 0 
7f4d9ae98000-7f4d9aed3000 rw-p 00000000 00:00 0 
7f4d9aed3000-7f4d9af98000 ---p 00000000 00:00 0 
7f4d9af98000-7f4d9afca000 rw-p 00000000 00:00 0 
7f4d9afca000-7f4d9b359000 ---p 00000000 00:00 0 
7f4d9b359000-7f4d9bf89000 rwxp 00000000 00:00 0 
7f4d9bf89000-7f4daa359000 ---p 00000000 00:00 0 
7f4daa359000-7f4daa374000 r-xp 00000000 08:01 1202177                    /usr/lib/jvm/java-8-oracle/jre/lib/amd64/libzip.so
7f4daa374000-7f4daa574000 ---p 0001b000 08:01 1202177                    /usr/lib/jvm/java-8-oracle/jre/lib/amd64/libzip.so
7f4daa574000-7f4daa575000 rw-p 0001b000 08:01 1202177                    /usr/lib/jvm/java-8-oracle/jre/lib/amd64/libzip.so
7f4daa575000-7f4daa580000 r-xp 00000000 08:01 923717                     /lib/x86_64-linux-gnu/libnss_files-2.27.so
7f4daa580000-7f4daa77f000 ---p 0000b000 08:01 923717                     /lib/x86_64-linux-gnu/libnss_files-2.27.so
7f4daa77f000-7f4daa780000 r--p 0000a000 08:01 923717                     /lib/x86_64-linux-gnu/libnss_files-2.27.so
7f4daa780000-7f4daa781000 rw-p 0000b000 08:01 923717                     /lib/x86_64-linux-gnu/libnss_files-2.27.so
7f4daa781000-7f4daa787000 rw-p 00000000 00:00 0 
7f4daa787000-7f4daa79e000 r-xp 00000000 08:01 923711                     /lib/x86_64-linux-gnu/libnsl-2.27.so
7f4daa79e000-7f4daa99d000 ---p 00017000 08:01 923711                     /lib/x86_64-linux-gnu/libnsl-2.27.so
7f4daa99d000-7f4daa99e000 r--p 00016000 08:01 923711                     /lib/x86_64-linux-gnu/libnsl-2.27.so
7f4daa99e000-7f4daa99f000 rw-p 00017000 08:01 923711                     /lib/x86_64-linux-gnu/libnsl-2.27.so
7f4daa99f000-7f4daa9a1000 rw-p 00000000 00:00 0 
7f4daa9a1000-7f4daa9ac000 r-xp 00000000 08:01 923728                     /lib/x86_64-linux-gnu/libnss_nis-2.27.so
7f4daa9ac000-7f4daabab000 ---p 0000b000 08:01 923728                     /lib/x86_64-linux-gnu/libnss_nis-2.27.so
7f4daabab000-7f4daabac000 r--p 0000a000 08:01 923728                     /lib/x86_64-linux-gnu/libnss_nis-2.27.so
7f4daabac000-7f4daabad000 rw-p 0000b000 08:01 923728                     /lib/x86_64-linux-gnu/libnss_nis-2.27.so
7f4daabad000-7f4daabb5000 r-xp 00000000 08:01 923713                     /lib/x86_64-linux-gnu/libnss_compat-2.27.so
7f4daabb5000-7f4daadb5000 ---p 00008000 08:01 923713                     /lib/x86_64-linux-gnu/libnss_compat-2.27.so
7f4daadb5000-7f4daadb6000 r--p 00008000 08:01 923713                     /lib/x86_64-linux-gnu/libnss_compat-2.27.so
7f4daadb6000-7f4daadb7000 rw-p 00009000 08:01 923713                     /lib/x86_64-linux-gnu/libnss_compat-2.27.so
7f4daadb7000-7f4dab787000 r--p 00000000 08:01 662228                     /usr/lib/locale/locale-archive
7f4dab787000-7f4dab789000 r-xp 00000000 08:01 1202152                    /usr/lib/jvm/java-8-oracle/jre/lib/amd64/libnpt.so
7f4dab789000-7f4dab989000 ---p 00002000 08:01 1202152                    /usr/lib/jvm/java-8-oracle/jre/lib/amd64/libnpt.so
7f4dab989000-7f4dab98a000 rw-p 00002000 08:01 1202152                    /usr/lib/jvm/java-8-oracle/jre/lib/amd64/libnpt.so
7f4dab98a000-7f4dab9c4000 r-xp 00000000 08:01 1202164                    /usr/lib/jvm/java-8-oracle/jre/lib/amd64/libjdwp.so
7f4dab9c4000-7f4dabbc3000 ---p 0003a000 08:01 1202164                    /usr/lib/jvm/java-8-oracle/jre/lib/amd64/libjdwp.so
7f4dabbc3000-7f4dabbc4000 rw-p 00039000 08:01 1202164                    /usr/lib/jvm/java-8-oracle/jre/lib/amd64/libjdwp.so
7f4dabbc4000-7f4dabbc5000 rw-p 00000000 00:00 0 
7f4dabbc5000-7f4dabbf0000 r-xp 00000000 08:01 1202171                    /usr/lib/jvm/java-8-oracle/jre/lib/amd64/libjava.so
7f4dabbf0000-7f4dabdef000 ---p 0002b000 08:01 1202171                    /usr/lib/jvm/java-8-oracle/jre/lib/amd64/libjava.so
7f4dabdef000-7f4dabdf1000 rw-p 0002a000 08:01 1202171                    /usr/lib/jvm/java-8-oracle/jre/lib/amd64/libjava.so
7f4dabdf1000-7f4dabdfe000 r-xp 00000000 08:01 1202176                    /usr/lib/jvm/java-8-oracle/jre/lib/amd64/libverify.so
7f4dabdfe000-7f4dabffe000 ---p 0000d000 08:01 1202176                    /usr/lib/jvm/java-8-oracle/jre/lib/amd64/libverify.so
7f4dabffe000-7f4dac000000 rw-p 0000d000 08:01 1202176                    /usr/lib/jvm/java-8-oracle/jre/lib/amd64/libverify.so
7f4dac000000-7f4dafffc000 rw-p 00000000 00:00 0 
7f4dafffc000-7f4db0000000 ---p 00000000 00:00 0 
7f4db0000000-7f4db0001000 r--s 00001000 08:01 936188                     /home/udeshika/.sbt/boot/scala-2.12.6/org.scala-sbt/sbt/1.2.1/sjson-new-murmurhash_2.12-0.8.2.jar
7f4db0001000-7f4db0002000 r--s 00003000 08:01 936184                     /home/udeshika/.sbt/boot/scala-2.12.6/org.scala-sbt/sbt/1.2.1/util-relation_2.12-1.2.0.jar
7f4db0002000-7f4db0003000 r--s 00000000 08:01 936189                     /home/udeshika/.sbt/boot/scala-2.12.6/org.scala-sbt/sbt/1.2.1/template-resolver-0.1.jar
7f4db0003000-7f4db0007000 r--s 00038000 08:01 936160                     /home/udeshika/.sbt/boot/scala-2.12.6/org.scala-sbt/sbt/1.2.1/ssl-config-core_2.12-0.2.2.jar
7f4db0007000-7f4db0009000 r--s 00031000 08:01 936206                     /home/udeshika/.sbt/boot/scala-2.12.6/org.scala-sbt/sbt/1.2.1/actions_2.12-1.2.1.jar
7f4db0009000-7f4db000d000 r--s 0003e000 08:01 936204                     /home/udeshika/.sbt/boot/scala-2.12.6/org.scala-sbt/sbt/1.2.1/jline-2.14.6.jar
7f4db000d000-7f4db0044000 r--s 004cf000 08:01 411274                     /home/udeshika/.sbt/boot/scala-2.12.6/lib/scala-library.jar
7f4db0044000-7f4db004b000 r-xp 00000000 08:01 923768                     /lib/x86_64-linux-gnu/librt-2.27.so
7f4db004b000-7f4db024a000 ---p 00007000 08:01 923768                     /lib/x86_64-linux-gnu/librt-2.27.so
7f4db024a000-7f4db024b000 r--p 00006000 08:01 923768                     /lib/x86_64-linux-gnu/librt-2.27.so
7f4db024b000-7f4db024c000 rw-p 00007000 08:01 923768                     /lib/x86_64-linux-gnu/librt-2.27.so
7f4db024c000-7f4db03e9000 r-xp 00000000 08:01 923690                     /lib/x86_64-linux-gnu/libm-2.27.so
7f4db03e9000-7f4db05e8000 ---p 0019d000 08:01 923690                     /lib/x86_64-linux-gnu/libm-2.27.so
7f4db05e8000-7f4db05e9000 r--p 0019c000 08:01 923690                     /lib/x86_64-linux-gnu/libm-2.27.so
7f4db05e9000-7f4db05ea000 rw-p 0019d000 08:01 923690                     /lib/x86_64-linux-gnu/libm-2.27.so
7f4db05ea000-7f4db12c6000 r-xp 00000000 08:01 1202197                    /usr/lib/jvm/java-8-oracle/jre/lib/amd64/server/libjvm.so
7f4db12c6000-7f4db14c6000 ---p 00cdc000 08:01 1202197                    /usr/lib/jvm/java-8-oracle/jre/lib/amd64/server/libjvm.so
7f4db14c6000-7f4db15a0000 rw-p 00cdc000 08:01 1202197                    /usr/lib/jvm/java-8-oracle/jre/lib/amd64/server/libjvm.so
7f4db15a0000-7f4db15eb000 rw-p 00000000 00:00 0 
7f4db15eb000-7f4db17d2000 r-xp 00000000 08:01 923627                     /lib/x86_64-linux-gnu/libc-2.27.so
7f4db17d2000-7f4db19d2000 ---p 001e7000 08:01 923627                     /lib/x86_64-linux-gnu/libc-2.27.so
7f4db19d2000-7f4db19d6000 r--p 001e7000 08:01 923627                     /lib/x86_64-linux-gnu/libc-2.27.so
7f4db19d6000-7f4db19d8000 rw-p 001eb000 08:01 923627                     /lib/x86_64-linux-gnu/libc-2.27.so
7f4db19d8000-7f4db19dc000 rw-p 00000000 00:00 0 
7f4db19dc000-7f4db19df000 r-xp 00000000 08:01 923650                     /lib/x86_64-linux-gnu/libdl-2.27.so
7f4db19df000-7f4db1bde000 ---p 00003000 08:01 923650                     /lib/x86_64-linux-gnu/libdl-2.27.so
7f4db1bde000-7f4db1bdf000 r--p 00002000 08:01 923650                     /lib/x86_64-linux-gnu/libdl-2.27.so
7f4db1bdf000-7f4db1be0000 rw-p 00003000 08:01 923650                     /lib/x86_64-linux-gnu/libdl-2.27.so
7f4db1be0000-7f4db1bf6000 r-xp 00000000 08:01 1201944                    /usr/lib/jvm/java-8-oracle/lib/amd64/jli/libjli.so
7f4db1bf6000-7f4db1df5000 ---p 00016000 08:01 1201944                    /usr/lib/jvm/java-8-oracle/lib/amd64/jli/libjli.so
7f4db1df5000-7f4db1df6000 rw-p 00015000 08:01 1201944                    /usr/lib/jvm/java-8-oracle/lib/amd64/jli/libjli.so
7f4db1df6000-7f4db1e10000 r-xp 00000000 08:01 923760                     /lib/x86_64-linux-gnu/libpthread-2.27.so
7f4db1e10000-7f4db200f000 ---p 0001a000 08:01 923760                     /lib/x86_64-linux-gnu/libpthread-2.27.so
7f4db200f000-7f4db2010000 r--p 00019000 08:01 923760                     /lib/x86_64-linux-gnu/libpthread-2.27.so
7f4db2010000-7f4db2011000 rw-p 0001a000 08:01 923760                     /lib/x86_64-linux-gnu/libpthread-2.27.so
7f4db2011000-7f4db2015000 rw-p 00000000 00:00 0 
7f4db2015000-7f4db203c000 r-xp 00000000 08:01 923599                     /lib/x86_64-linux-gnu/ld-2.27.so
7f4db203c000-7f4db203e000 r--s 0002f000 08:01 936181                     /home/udeshika/.sbt/boot/scala-2.12.6/org.scala-sbt/sbt/1.2.1/util-cache_2.12-1.2.0.jar
7f4db203e000-7f4db205a000 r--s 0010e000 08:01 935503                     /home/udeshika/.IdeaIC2018.2/config/plugins/Scala/launcher/sbt-launch.jar
7f4db205a000-7f4db2122000 rw-p 00000000 00:00 0 
7f4db2122000-7f4db2123000 ---p 00000000 00:00 0 
7f4db2123000-7f4db2126000 ---p 00000000 00:00 0 
7f4db2126000-7f4db2227000 rw-p 00000000 00:00 0 
7f4db2227000-7f4db2228000 r--s 00006000 08:01 936180                     /home/udeshika/.sbt/boot/scala-2.12.6/org.scala-sbt/sbt/1.2.1/util-position_2.12-1.2.0.jar
7f4db2228000-7f4db222e000 r--s 00080000 08:01 411275                     /home/udeshika/.sbt/boot/scala-2.12.6/lib/scala-xml_2.12.jar
7f4db222e000-7f4db2232000 r--s 0003e000 08:01 411278                     /home/udeshika/.sbt/boot/scala-2.12.6/lib/jline.jar
7f4db2232000-7f4db223a000 rw-s 00000000 08:01 919496                     /tmp/hsperfdata_udeshika/15326
7f4db223a000-7f4db223b000 rw-p 00000000 00:00 0 
7f4db223b000-7f4db223c000 ---p 00000000 00:00 0 
7f4db223c000-7f4db223d000 r--p 00027000 08:01 923599                     /lib/x86_64-linux-gnu/ld-2.27.so
7f4db223d000-7f4db223e000 rw-p 00028000 08:01 923599                     /lib/x86_64-linux-gnu/ld-2.27.so
7f4db223e000-7f4db223f000 rw-p 00000000 00:00 0 
7ffee8e8e000-7ffee8eaf000 rw-p 00000000 00:00 0                          [stack]
7ffee8fa6000-7ffee8fa9000 r--p 00000000 00:00 0                          [vvar]
7ffee8fa9000-7ffee8fab000 r-xp 00000000 00:00 0                          [vdso]
ffffffffff600000-ffffffffff601000 r-xp 00000000 00:00 0                  [vsyscall]

VM Arguments:
jvm_args: -agentlib:jdwp=transport=dt_socket,address=localhost:34387,suspend=n,server=y -Xdebug -Xmx1536M -Didea.managed=true -Dfile.encoding=UTF-8 -Didea.runid=2018.2 
java_command: /home/udeshika/.IdeaIC2018.2/config/plugins/Scala/launcher/sbt-launch.jar idea-shell
java_class_path (initial): /home/udeshika/.IdeaIC2018.2/config/plugins/Scala/launcher/sbt-launch.jar
Launcher Type: SUN_STANDARD

Environment Variables:
JAVA_HOME=/usr/lib/jvm/java-8-oracle
PATH=/usr/local/sbin:/usr/local/bin:/usr/sbin:/usr/bin:/sbin:/bin:/usr/games:/usr/local/games:/snap/bin:/usr/lib/jvm/java-8-oracle/bin:/usr/lib/jvm/java-8-oracle/db/bin:/usr/lib/jvm/java-8-oracle/jre/bin
USERNAME=udeshika
SHELL=/bin/bash
DISPLAY=:0

Signal Handlers:
SIGSEGV: [libjvm.so+0xad2a40], sa_mask[0]=11111111011111111101111111111110, sa_flags=SA_RESTART|SA_SIGINFO
SIGBUS: [libjvm.so+0xad2a40], sa_mask[0]=11111111011111111101111111111110, sa_flags=SA_RESTART|SA_SIGINFO
SIGFPE: [libjvm.so+0x92a610], sa_mask[0]=11111111011111111101111111111110, sa_flags=SA_RESTART|SA_SIGINFO
SIGPIPE: [libjvm.so+0x92a610], sa_mask[0]=11111111011111111101111111111110, sa_flags=SA_RESTART|SA_SIGINFO
SIGXFSZ: [libjvm.so+0x92a610], sa_mask[0]=11111111011111111101111111111110, sa_flags=SA_RESTART|SA_SIGINFO
SIGILL: [libjvm.so+0x92a610], sa_mask[0]=11111111011111111101111111111110, sa_flags=SA_RESTART|SA_SIGINFO
SIGUSR1: SIG_DFL, sa_mask[0]=00000000000000000000000000000000, sa_flags=none
SIGUSR2: [libjvm.so+0x92be70], sa_mask[0]=00100000000000000000000000000000, sa_flags=SA_RESTART|SA_SIGINFO
SIGHUP: [libjvm.so+0x92d270], sa_mask[0]=11111111011111111101111111111110, sa_flags=SA_RESTART|SA_SIGINFO
SIGINT: [libjvm.so+0x92d270], sa_mask[0]=11111111011111111101111111111110, sa_flags=SA_RESTART|SA_SIGINFO
SIGTERM: [libjvm.so+0x92d270], sa_mask[0]=11111111011111111101111111111110, sa_flags=SA_RESTART|SA_SIGINFO
SIGQUIT: [libjvm.so+0x92d270], sa_mask[0]=11111111011111111101111111111110, sa_flags=SA_RESTART|SA_SIGINFO


---------------  S Y S T E M  ---------------

OS:DISTRIB_ID=Ubuntu
DISTRIB_RELEASE=18.04
DISTRIB_CODENAME=bionic
DISTRIB_DESCRIPTION="Ubuntu 18.04.1 LTS"

uname:Linux 4.15.0-33-generic #36-Ubuntu SMP Wed Aug 15 16:00:05 UTC 2018 x86_64
libc:glibc 2.27 NPTL 2.27 
rlimit: STACK 8192k, CORE 0k, NPROC 23762, NOFILE 1048576, AS infinity
load average:4.17 2.41 2.02

/proc/meminfo:
MemTotal:        6143628 kB
MemFree:          100860 kB
MemAvailable:       4692 kB
Buffers:             308 kB
Cached:            88204 kB
SwapCached:         2484 kB
Active:          3769900 kB
Inactive:         632676 kB
Active(anon):    3765352 kB
Inactive(anon):   627624 kB
Active(file):       4548 kB
Inactive(file):     5052 kB
Unevictable:         112 kB
Mlocked:             112 kB
SwapTotal:        969960 kB
SwapFree:              0 kB
Dirty:                96 kB
Writeback:             0 kB
AnonPages:       4311976 kB
Mapped:            85708 kB
Shmem:             78648 kB
Slab:             168212 kB
SReclaimable:      55948 kB
SUnreclaim:       112264 kB
KernelStack:       25008 kB
PageTables:        96636 kB
NFS_Unstable:          0 kB
Bounce:                0 kB
WritebackTmp:          0 kB
CommitLimit:     4041772 kB
Committed_AS:   17339036 kB
VmallocTotal:   34359738367 kB
VmallocUsed:           0 kB
VmallocChunk:          0 kB
HardwareCorrupted:     0 kB
AnonHugePages:         0 kB
ShmemHugePages:        0 kB
ShmemPmdMapped:        0 kB
CmaTotal:              0 kB
CmaFree:               0 kB
HugePages_Total:       0
HugePages_Free:        0
HugePages_Rsvd:        0
HugePages_Surp:        0
Hugepagesize:       2048 kB
DirectMap4k:      655232 kB
DirectMap2M:     5701632 kB
DirectMap1G:     1048576 kB


CPU:total 4 (initial active 4) (2 cores per cpu, 1 threads per core) family 6 model 61 stepping 4, cmov, cx8, fxsr, mmx, sse, sse2, sse3, ssse3, sse4.1, sse4.2, popcnt, avx, avx2, aes, clmul, erms, rtm, 3dnowpref, lzcnt, tsc, tscinvbit, bmi1, bmi2, adx

/proc/cpuinfo:
processor	: 0
vendor_id	: GenuineIntel
cpu family	: 6
model		: 61
model name	: Intel(R) Core(TM) i7-5600U CPU @ 2.60GHz
stepping	: 4
microcode	: 0x22
cpu MHz		: 2593.987
cache size	: 4096 KB
physical id	: 0
siblings	: 2
core id		: 0
cpu cores	: 2
apicid		: 0
initial apicid	: 0
fpu		: yes
fpu_exception	: yes
cpuid level	: 20
wp		: yes
flags		: fpu vme de pse tsc msr pae mce cx8 apic sep mtrr pge mca cmov pat pse36 clflush mmx fxsr sse sse2 ss ht syscall nx pdpe1gb rdtscp lm constant_tsc arch_perfmon nopl xtopology tsc_reliable nonstop_tsc cpuid pni pclmulqdq ssse3 fma cx16 pcid sse4_1 sse4_2 x2apic movbe popcnt tsc_deadline_timer aes xsave avx f16c rdrand hypervisor lahf_lm abm 3dnowprefetch cpuid_fault invpcid_single pti fsgsbase tsc_adjust bmi1 hle avx2 smep bmi2 invpcid rtm rdseed adx smap xsaveopt arat
bugs		: cpu_meltdown spectre_v1 spectre_v2 spec_store_bypass l1tf
bogomips	: 5187.97
clflush size	: 64
cache_alignment	: 64
address sizes	: 43 bits physical, 48 bits virtual
power management:

processor	: 1
vendor_id	: GenuineIntel
cpu family	: 6
model		: 61
model name	: Intel(R) Core(TM) i7-5600U CPU @ 2.60GHz
stepping	: 4
microcode	: 0x22
cpu MHz		: 2593.987
cache size	: 4096 KB
physical id	: 0
siblings	: 2
core id		: 1
cpu cores	: 2
apicid		: 1
initial apicid	: 1
fpu		: yes
fpu_exception	: yes
cpuid level	: 20
wp		: yes
flags		: fpu vme de pse tsc msr pae mce cx8 apic sep mtrr pge mca cmov pat pse36 clflush mmx fxsr sse sse2 ss ht syscall nx pdpe1gb rdtscp lm constant_tsc arch_perfmon nopl xtopology tsc_reliable nonstop_tsc cpuid pni pclmulqdq ssse3 fma cx16 pcid sse4_1 sse4_2 x2apic movbe popcnt tsc_deadline_timer aes xsave avx f16c rdrand hypervisor lahf_lm abm 3dnowprefetch cpuid_fault invpcid_single pti fsgsbase tsc_adjust bmi1 hle avx2 smep bmi2 invpcid rtm rdseed adx smap xsaveopt arat
bugs		: cpu_meltdown spectre_v1 spectre_v2 spec_store_bypass l1tf
bogomips	: 5187.97
clflush size	: 64
cache_alignment	: 64
address sizes	: 43 bits physical, 48 bits virtual
power management:

processor	: 2
vendor_id	: GenuineIntel
cpu family	: 6
model		: 61
model name	: Intel(R) Core(TM) i7-5600U CPU @ 2.60GHz
stepping	: 4
microcode	: 0x22
cpu MHz		: 2593.987
cache size	: 4096 KB
physical id	: 1
siblings	: 2
core id		: 0
cpu cores	: 2
apicid		: 2
initial apicid	: 2
fpu		: yes
fpu_exception	: yes
cpuid level	: 20
wp		: yes
flags		: fpu vme de pse tsc msr pae mce cx8 apic sep mtrr pge mca cmov pat pse36 clflush mmx fxsr sse sse2 ss ht syscall nx pdpe1gb rdtscp lm constant_tsc arch_perfmon nopl xtopology tsc_reliable nonstop_tsc cpuid pni pclmulqdq ssse3 fma cx16 pcid sse4_1 sse4_2 x2apic movbe popcnt tsc_deadline_timer aes xsave avx f16c rdrand hypervisor lahf_lm abm 3dnowprefetch cpuid_fault invpcid_single pti fsgsbase tsc_adjust bmi1 hle avx2 smep bmi2 invpcid rtm rdseed adx smap xsaveopt arat
bugs		: cpu_meltdown spectre_v1 spectre_v2 spec_store_bypass l1tf
bogomips	: 5187.97
clflush size	: 64
cache_alignment	: 64
address sizes	: 43 bits physical, 48 bits virtual
power management:

processor	: 3
vendor_id	: GenuineIntel
cpu family	: 6
model		: 61
model name	: Intel(R) Core(TM) i7-5600U CPU @ 2.60GHz
stepping	: 4
microcode	: 0x22
cpu MHz		: 2593.987
cache size	: 4096 KB
physical id	: 1
siblings	: 2
core id		: 1
cpu cores	: 2
apicid		: 3
initial apicid	: 3
fpu		: yes
fpu_exception	: yes
cpuid level	: 20
wp		: yes
flags		: fpu vme de pse tsc msr pae mce cx8 apic sep mtrr pge mca cmov pat pse36 clflush mmx fxsr sse sse2 ss ht syscall nx pdpe1gb rdtscp lm constant_tsc arch_perfmon nopl xtopology tsc_reliable nonstop_tsc cpuid pni pclmulqdq ssse3 fma cx16 pcid sse4_1 sse4_2 x2apic movbe popcnt tsc_deadline_timer aes xsave avx f16c rdrand hypervisor lahf_lm abm 3dnowprefetch cpuid_fault invpcid_single pti fsgsbase tsc_adjust bmi1 hle avx2 smep bmi2 invpcid rtm rdseed adx smap xsaveopt arat
bugs		: cpu_meltdown spectre_v1 spectre_v2 spec_store_bypass l1tf
bogomips	: 5187.97
clflush size	: 64
cache_alignment	: 64
address sizes	: 43 bits physical, 48 bits virtual
power management:



Memory: 4k page, physical 6143628k(100860k free), swap 969960k(0k free)

vm_info: Java HotSpot(TM) 64-Bit Server VM (25.181-b13) for linux-amd64 JRE (1.8.0_181-b13), built on Jul  7 2018 00:56:38 by "java_re" with gcc 4.3.0 20080428 (Red Hat 4.3.0-8)

time: Mon Aug 27 14:41:49 2018
elapsed time: 24 seconds (0d 0h 0m 24s)

